[  0.0000 Initiliing cgroup susys cpusset
[  0.000000] Initializing cgroup subsys cpu
[    0.000000] Initializing cgroup subsys cpuacct
[    0.000000] Linux version 4.4.0-138-generic (buildd@lcy01-amd64-006) (gcc version 5.4.0 20160609 (Ubuntu 5.4.0-6ubuntu1~16.04.10) ) #164-Ubuntu SMP Tue Oct 2 17:16:02 UTC 2018 (Ubuntu 4.4.0-138.164-generic 4.4.155)
[    0.00000 Cmandin: BOOT_IMAGE=/boot/vmlinuz-.4-138-generic root=UUID=596dd04d-2c69-42c5-8ed8-7a8e48ad11de ro console=tty1 console=ttyS0
[    0.000000] KERNEL supported cpus:
[    0.000000]   Intel GenuineIntel
[    0.000000]   AMD AuthenticAMD
[    0.000000]   Centaur CentaurHauls
[    0.000000] x86/fpu: xstate_offset[2]:  576, xstate_sizes[2]:  256

[    0.000000] x86/fpu: Supporting XSAVE feature 0x01: 'x87 floating point registers'
[   0.0000] x/fu: Supporting XSAVE feature 0x02: 'SSE registers'
[    0.000000] x86/fpu: Supporting XSAVE feature 0x04: 'AVX registers'
[    0.000000] x86/fpu: Enabled xstate features 0x7, context size is 832 byt, singstandard' format.
[    0.000000] e820: BIOS-provided physical RAM map:
[    0.000000] BIOS-e820: [mem 0x0000000000000000-0x000000000009fbff] usable
[    0.000000] BIOS-e820: [mem 0x000000000009fc000x00000000009ffff] reserved
[    0.000000] BIOS-e820: [mem 0x00000000000f0000-0x00000000000fffff] reserved
[    0.000000] BIOS-e820: [mem 0x0000000000100000-0x000000003ffeffff] usable
[    0.000000] BIOS-e820: [mem 0x000000003fff0000-0x000000003fffffff] ACPI data
[    0.000000] BIOS-e820: [mem 0x00000000fec00000-0x00000000fec00fff] reserved
[    0.000000] BIOS-e820: [mem 0x00000000fee00000-0x00000000fee00fff] reserved
[    0.000000] BIOS-e820: [mem 0x00000000fffc0000-0x00000000ffffffff] reserved
[    0.000000] NX (Execute Disable) protection: active
[    0.000000] SMBIOS 2.5 present.
[    0.000000] Hypervisor detected: KVM
[    0.000000] e820: last_pfn = 0x3fff0 max_arch_pfn = 0x400000000
[    0.000000] MTRR: Disabled
[    0.000000] x86/PAT: MTRRs disabled, skipping PAT initialization too.
[    0.000000] CPU MTRRs all blak  virtualizd stem.
[    0.000000] x86/PAT: Conigation [0-7]: WB  W  C- UC  WB  WT  UC- UC  
[    0.000000] found SMP MP-table at [mem 0x0009fff0-0x0009ffff] mapped at [ffff88000009fff0]
[    0.000000] Scanning 1 areas for low memory corruption
[    0.000000] RAMDISK: [mem 0x361ee000-0x370eefff]
[    0.000000] ACPI: Early table checksum verification disabled
[    0.000000] ACPI: RSDP 0x00000000000E0000 000024 (v02 VBOX  )
[    0.000000] ACPI: XSDT 0x000000003FFF0030 00003C (v01 VBOX   VBOXXSDT 00000001 ASL  00000061)
[    0.000000] ACPI: FACP 0x000000003FFF00F0 0000F4 (v04 VBOX   VBOXFACP 00000001 ASL  00000061)
[    0.000000] ACPI: DSDT 0x000000003FFF0470 01F (v02 VBOX   VBOXBIOS 00000002 INTL 20100528)
[    0.000000] ACPI: FACS 0x000000003FFF0200 000040
[    0.000000] ACPI: FACS 0x000000003FFF0200 000040
[    0.000000] ACPI: APIC 0x000000003FFF0240 005C (v02 VBOX   VBOXAPIC 00000001 ASL  00000061)
[    0.000000] ACPI: SSDT 0x000000003FFF02A0 0001CC (v01 VBOX   VBOXCPUT 00000002 INTL 20100528)
[    0.000000] No NUMA configuration found
[    0.000000] Faking a node at [mem 0x0000000000000000-0x000000003ffeffff]
[    0.000000] NODE_DATA(0) allocated [mem 0x3ffeb000-0x3ffeffff]
[    0.000000] kvm-clock: Using msrs 4b564d01 and 4b564d00
[    0.000000] kvm-clock: cpu 0, msr 0:3ffe3001, primary cpu clock
[    0.000000] kvm-clock: using sched offset of 3704206592 cycles
[    0.000000] clocksource: kvm-clock: mask: 0xffffffffffffffff max_cycles: 0x1cd42e4dffb, max_idle_ns: 881590591483 ns
[    0.000000] Zone ranges:
[    0.000000]   DMA      [mem 0x0000000000001000-0x0000000000ffffff]
[    0.000000]   DMA32    [mem 0x0000000001000000-0x000000003ffeffff]
[    0.000000]   Normal   empty
[    0.000000]   Device   empty
[    0.000000] Movable zone start for each node
[    0.000000] Early memory node ranges
[    0.000000]   node   0: [mem 0x0000000000001000-0x000000000009efff]
[   .00000]  de  : me 0000000000100000-0x000000003ffeffff]
[    00000]nimem setup de0 [memx000000000001000-0x000000003ffeffff]
[  0.00000] APIPM-Tmer IO Pot:0x008    0.000000] IOAPIC[0]: apic_id 2, vrsion 32, address 0xfec00000, GSI 0-23
[    0.000000] ACPI: INT_SRC_OVR (bus 0 bus_irq 0 global_irq 2 dfl dfl)
[    0.000000] ACPI: INT_SRC_OVR (bus 0 bus_irq 9 global_irq 9 low level)
[    0.000000] Using ACPI (MADT) for SMP configuration information
[    0.000000] smpboot: Allowing 2 CPUs, 0 hotplug CPUs
[    0.000000] PM: Registered nosave memory: [mem 0x00000000-0x00000fff]
[    0.000000] PM: Registered nosave memory: [mem 0x000f00-x09ffff
   0.000] PM: Registered nosave memory: [mem 0x000a0000-0x000effff][   0.000000] P: gistered nosave memory: [mem 0x000f0000-0x000fffff]
[    0.000000] e820: [mem 0x40000000-0xfebfffff] available for PCI devices
[    0.000000] Booting paravirtualized kernel on KVM
[    0.000000] clocksource: refined-jiffies: mask: 0xffffffff max_cycles: 0xffffffff, max_idle_ns: 7645519600211568 ns
[    0.000000] setup_percpu: NR_CPUS:512 nr_cpumask_bits:512 nr_cpu_ids:2 nr_node_ids:1
[    0.000000] PERCPU: Embedded 34 pages/cpu @ffff88003fc00000 s99608 r8192 d31464 u1048576
[    0.000000] PV qspinlock hash table entries: 256 (order: 0, 4096 bytes)
[    0.000000] Built 1 zonelists in Node order, mobility grouping on.  Total pages: 257912
[    0.000000] Policy zone: DMA32
[    0.000000] Kernel command line: BOOT_IMAGE=/boot/vmlinuz-4.4.0-138-generic root=UUID=596dd04d-2c69-42c5-8ed8-7a8e48ad11de ro console=tty1 console=ttyS0
[    0.000000] PID hash table entries: 4096 (order: 3, 32768 bytes)
[    0.000000] Memory: 997140K/1048120K available (8563K kernel code, 1314K rwdata, 4004K rodata, 1528K init, 1316K bss, 50980K reserved, 0K cma-reserved)
[    0.000000] SLUB: HWalign=64, Order=0-3, MinObjects=0, CPUs=2, Nodes=1
[    0.000000] Kernel/User page tables isolation: enabled
[    0.000000] Hierarchical RCU implementation.
[    0.000000] 	Build-time adjustment of leaf fanout to 64.
[    0.000000] 	RCU restricting CPUs from NR_CPUS=512 to nr_cpu_ids=2.
[    0.000000] RCU: Adjusting geometry for rcu_fanout_leaf=64, nr_cpu_ids=2
[    0.000000] NR_IRQS:33024 nr_irqs:440 16
[    0.000000] Console: colour VGA+ 80x5
[    0.000000] console [tty1] enabled
[    0.000000] console [ttyS0] enabled
[    0.000000] tsc: Detected 2793.656 MHz processor
[    2.108100] Calibrating delay loop (skipped) preset value.. 5587.31 BogoMIPS (lpj=11174624)
[    2.110145] pid_max: default: 32768 minimum: 301
[    2.111238] ACPI: Core revision 20150930
[    2.113329] ACPI: 2 ACPI AML tables successfully acquired and loadedd
[    2.114976] Security Framework initialized
[    2.116036] Yama: becoming mindful.
[    2.116937] AppArmor: AppArmor initialized
[    2.118018] Dentry cache hash table entries: 131072 (order: 8, 1048576 bytes)
[    2.128550] Inode-cache hash table entries: 65536 (order: 7, 524288 bytes)
[    2.130227] Mount-cache hash table entries: 2048 (order: 2, 16384 bytes)
[    2.131718] Mountpoint-cache hash table entries: 2048 (order: 2, 16384 bytes)
[    2.133420] Initializing cgroup subsys io
[    2.134408] Initializing cgroup subsys memory
[    2.135436] Initializing cgroup subsys devices
[    2.136517] Initializing cgroup subsys freezer
[    2.137558] Initializing cgroup subsys net_cls
[    2.138606] Initializing cgroup subsys perf_event
[    2.139794] Initializing cgroup subsys net_prio
[    2.140905] Initializing cgroup subsys hugetlb
[    2.142015] Initializing cgroup subsys pids
[    2.143102] mce: CPU supports 0 MCE banks
[    2.144140] Last level iTLB entries: 4KB 512, 2MB 8, 4MB 8
[    2.145371] Last level dTLB entries: 4KB 512, 2MB 32, 4MB 32, 1GB 0
[    2.146726] Spectre V2 : Mitigation: Full generic retpoline
[    2.148125] Spectre V2 : Spectre v2 mitigation: Speculation control IBPB not-supported IBRS not-supported
[    2.151256] Spectre V2 : Spectre v2 / SpectreRSB mitigation: Filling RSB on context switch
[    2.155948] Speculative Store Bypass: Vulnerable
[    2.160116] Freeing SMP alternatives memory: 32K
[    2.170749] ftrace: allocating 32278 entries in 127 pages
[    2.241049] smpboot: APIC(0) Converting physical 0 to logical package 0
[    2.242498] smpboot: Max logical packages: 1
[    2.243890] x2apic enabled
[    2.252734] Switched APIC routing to physical x2apic.
[    2.321209] ..TIMER: vector=0x30 apic1=0 pin1=2 apic2=-1 pin2=-1
[    2.479693] smpboot: CPU0: Intel(R) Core(TM) i5-2300 CPU @ 2.80GHz (family: 0x6, model: 0x2a, stepping: 0x7)
[    2.588083] Performance Events: unsupported p6 CPU model 42 no PMU driver, software events only.
[    2.629361] KVM setup paravirtual spinlock
[    2.640420] x86: Booting SMP configuration:
[    2.664698] .... node  #0, CPUs:      #1
[    2.665794] kvm-clock: cpu 1, msr 0:3ffe3041, secondary cpu clock
[    2.683056] mce: CPU supports 0 MCE banks
[    2.737551] x86: Booted up 1 node, 2 CPUs
[    2.738754] smpboot: Total of 2 processors activated (11174.62 BogoMIPS)
[    2.740620] devtmpfs: initialized
[    2.755676] evm: security.selinux
[    2.763566] evm: security.SMACK64
[    2.764412] evm: security.SMACK64EXEC
[    2.765276] evm: security.SMACK64TRANSMUTE
[    2.766279] evm: security.SMACK64MMAP
[    2.767181] evm: security.ima
[    2.767977] evm: security.capability
[    2.769072] clocksource: jiffies: mask: 0xffffffff max_cycles: 0xffffffff, max_idle_ns: 7645041785100000 ns
[    2.775237] futex hash table entries: 512 (order: 3, 32768 bytes)
[    2.783744] pinctrl core: initialized pinctrl subsystem
[    2.807260] RTC time: 21:22:12, date: 11/14/18
[    2.815371] NET: Registered protocol family 16
[    2.857561] cpuidle: using governor ladder
[    2.909283] cpuidle: using governor menu
[    2.910273] PCCT header not found.
[    2.911189] ACPI: bus type PCI registered
[    2.912159] acpiphp: ACPI Hot Plug PCI Controller Driver version: 0.5
[    2.913587] PCI: Using configuration type 1 for base access
[    2.929531] ACPI: Added _OSI(Module Device)
[    2.930564] ACPI: Added _OSI(Processor Device)
[    2.931604] ACPI: Added _OSI(3.0 _SCP Extensions)
[    2.975164] ACPI: Added _OSI(Processor Aggregator Device)
[    3.048230] ACPI: Executed 1 blocks of module-level executable AML code
[    3.110046] ACPI: Interpreter enabled
[    3.116090] ACPI: (supports S0 S5)
[    3.127129] ACPI: Using IOAPIC for interrupt routing
[    3.140487] PCI: Using host bridge windows from ACPI; if necessary, use "pci=nocrs" and report a bug
[    3.158426] ACPI: PCI Root Bridge [PCI0] (domain 0000 [bus 00-ff])
[    3.169416] acpi PNP0A03:00: _OSC: OS supports [ASPM ClockPM Segments MSI]
[    3.171449] acpi PNP0A03:00: _OSC: not requesting OS control; OS requires [ExtendedConfig ASPM ClockPM MSI]
[    3.174254] acpi PNP0A03:00: fail to add MMCONFIG information, can't access extended PCI configuration space under this bridge.
[    3.179503] PCI host bridge to bus 0000:00
[    3.181650] pci_bus 0000:00: root bus resource [io  0x0000-0x0cf7 window]
[    3.183160] pci_bus 0000:00: root bus resource [io  0x0d00-0xffff window]
[    3.184771] pci_bus 0000:00: root bus resource [mem 0x000a0000-0x000bffff window]
[    3.186740] pci_bus 0000:00: root bus resource [mem 0x40000000-0xfdffffff window]
[    3.190537] pci_bus 0000:00: root bus resource [bus 00-ff]
[    3.195560] pci 0000:00:01.1: legacy IDE quirk: reg 0x10: [io  0x01f0-0x01f7]
[    3.203599] pci 0000:00:01.1: legacy IDE quirk: reg 0x14: [io  0x03f6]
[    3.205015] pci 0000:00:01.1: legacy IDE quirk: reg 0x18: [io  0x0170-0x0177]
[    3.206540] pci 0000:00:01.1: legacy IDE quirk: reg 0x1c: [io  0x0376]
[    3.233222] pci 0000:00:07.0: quirk: [io  0x4000-0x403f] claimed by PIIX4 ACPI
[    3.235025] pci 0000:00:07.0: quirk: [io  0x4100-0x410f] claimed by PIIX4 SMB
[    3.241528] ACPI: PCI Interrupt Link [LNKA] (IRQs 5 9 10 *11)
[    3.243525] ACPI: PCI Interrupt Link [LNKB] (IRQs 5 9 *10 11)
[    3.245309] ACPI: PCI Interrupt Link [LNKC] (IRQs 5 *9 10 11)
[    3.247099] ACPI: PCI Interrupt Link [LNKD] (IRQs 5 9 10 *11)
[    3.248954] ACPI: Enabled 2 GPEs in block 00 to 07
[    3.250414] vgaarb: setting as boot device: PCI:0000:00:02.0
[    3.251646] vgaarb: device added: PCI:0000:00:02.0,decodes=io+mem,owns=io+mem,locks=none
[    3.253548] vgaarb: loaded
[    3.254288] vgaarb: bridge control possible 0000:00:02.0
[    3.256024] SCSI subsystem initialized
[    3.263031] ACPI: bus type USB registered
[    3.264005] usbcore: registered new interface driver usbfs
[    3.267174] usbcore: registered new interface driver hub
[    3.268380] usbcore: registered new device driver usb
[    3.277661] PCI: Using ACPI for IRQ routing
[    3.279044] NetLabel: Initializing
[    3.279933] NetLabel:  domain hash size = 128
[    3.280944] NetLabel:  protocols = UNLABELED CIPSOv4
[    3.282065] NetLabel:  unlabeled traffic allowed by default
[    3.283383] amd_nb: Cannot enumerate AMD northbridges
[    3.284508] clocksource: Switched to clocksource kvm-clock
[    3.309045] AppArmor: AppArmor Filesystem Enabled
[    3.310304] pnp: PnP ACPI init
[    3.312036] pnp: PnP ACPI: found 3 devices
[    3.322698] clocksource: acpi_pm: mask: 0xffffff max_cycles: 0xffffff, max_idle_ns: 2085701024 ns
[   3.324723] NET: Regisered protocol family 2

[    3.375138] TCP established hash table entries: 8192 (order: 4, 65536 bytes)
[    3.376689] TCP bind hash table entries: 8192 (order: 5, 131072 bytes)
[    3.378108] TCP: Hash tables configured (established 8192 bind 8192)
[    3.379429] UDP hash table entries: 512 (order: 2, 16384 bytes)
[    3.380675] UDP-Lite hash table entries: 512 (order: 2, 16384 bytes)
[    3.382047] NET: Registered protocol family 1
[    3.383058] pci 0000:00:00.0: Limiting direct PCI/PC transfers
[    3.409076] pci 0000:00:01.0: Activating ISA DMA hang workarounds
[    3.410509] Unpacking initramfs...

[    3.889205] Freeing initrd memory: 15364K
[    3.908011] RAPL PMU detected, API unit is 2^-32 Joules, 3 fixed counters 10737418240 ms ovfl timer
[    3.994884] hw unit of domain pp0-core 2^-0 Joules
[    4.028720] hw unit of domain package 2^-0 Joules
[    4.089143] hw unit of domain pp1-gpu 2^-0 Joules
[    4.127436] platform rtc_cmos: registered platform RTC device (no PNP device found)
[    4.511]Scanni for low memory corruption every 60 seconds

[    4.339422] audit: initializing netlink subsys (disabled)
[    4.342234] audit: type=2000 audit(1542230536.260:1): initialized
[    4.343849] Initialise system trusted keyring
[    4.345072] HugeTLB registered 2 MB page size, pre-allocated 0 pages
[    4.347775] zbud: loaded
[    4.348819] VFS: Disk quotas dquot_6.6.0
[    4.349800] VFS: Dquot-cache hash table entries: 512 (order 0, 4096 bytes)
[    4.351424] squashfs: version 4.0 (2009/01/31) Phillip Lougher
[    4.353064] fuse init (API version 7.23)
[    4.354282] Key type big_key registered
[    4.355221] Allocating IMA MOK and blacklist keyrings.
[    4.357845] Key type asymmetric registered
[    4.358828] Asymmetric key parser 'x509' registered
[    4.373993] Block layer SCSI generic (bsg) driver version 0.4 loaded (major 249)
[    4.375865] io scheduler noop registered
[    4.389854] io scheduler deadline registered (default)
[    4.409847] io scheduler cfq registered
[    4.410902] pci_hotplug: PCI Hot Plug PCI Core version: 0.5
[    4.412140] pciehp: PCI Express Hot Plug Controller Driver version: 0.4
[    4.413652] ACPI: AC Adapter [AC] (on-line)
[    4.414688] input: Power Button as /devices/LNXSYSTM:00/LNXPWRBN:00/input/input0
[    4.416389] ACPI: Power Button [PWRF]
[    4.417356] input: Sleep Button as /devices/LNXSYSTM:00/LNXSLPBN:00/input/input1
[    4.430734] ACPI: Sleep Button [SLPF]
[    4.450920] GHES: HEST is not enabled!
[    4.475291] Serial: 8250/16550 driver, 32 ports, IRQ sharing enabled
[    4.5512] 00:02: ttyS0 at I/O 0x3f8 (irq = 4, base_baud = 115200) is a 16550A

[    4.560984] Linux agpgart interface v0.103
[    4.578053] loop: module loaded
[   4.604233] scsi host0: ata_piix

[  4.636380] scsi host1: ata_piix

[    4.686600] ata1: PATA max UDMA/33 cmd 0x1f0 ctl 0x3f6 bmdma 0xd000 irq 14
[   4.6882] a2PA mx MA3 mdx10 l x3 bmdm 0d008 irq 15

[    5.338483] tsc: Refined TSC clocksource calibration: 2793.297 MHz
[    5.350359] clocksource: tsc: mask: 0xffffffffffffffff max_cycles: 0x284384dd4d0, max_idle_ns: 440795277900 ns
[    5.350511] libphy: Fixed MDIO Bus: probed
[    5.350514] tun: Universal TUN/TAP device driver, 1.6
[    5.350514] tun: (C) 1999-2004 Max Krasnyansky <maxk@qualcomm.com>
[    5.350567] PPP generic driver version 2.4.2
[    5.350621] ehci_hcd: USB 2.0 'Enhanced' Host Controller (EHCI) Driver
[    5.350627] ehci-pci: EHCI PCI platform driver
[    5.350636] ehci-platform: EHCI generic platform driver
[    5.350643] ohci_hcd: USB 1.1 'Open' Host Controller (OHCI) Driver
[    5.350646] ohci-pci: OHCI PCI platform driver
[    5.350653] ohci-platform: OHCI generic platform driver
[    5.350660] uhci_hcd: USB Universal Host Controller Interface driver
[    5.350715] i8042: PNP: PS/2 Controller [PNP0303:PS2K,PNP0f03:PS2M] at 0x60,0x64 irq 1,12
[    5.353034] serio: i8042 KBD port at 0x60,0x64 irq 1
[    5.353040] serio: i8042 AUX port at 0x60,0x64 irq 12
[    5.353169] mousedev: PS/2 mouse device common for all mice
[    5.353492] rtc_cmos rtc_cmos: rtc core: registered rtc_cmos as rtc0
[    5.353570] rtc_cmos rtc_cmos: alarms up to one day, 114 bytes nvram
[    5.353577] i2c /dev entries driver
[    5.353627] device-mapper: uevent: version 1.0.3
[    5.353681] device-mapper: ioctl: 4.34.0-ioctl (2015-10-28) initialised: dm-devel@redhat.com
[    5.353702] ledtrig-cpu: registered to indicate activity on CPUs
[    5.354038] NET: Registered protocol family 10
[    5.354196] NET: Registered protocol family 17
[    5.354206] Key type dns_resolver registered
[    5.354439] registered taskstats version 1
[    5.354451] Loading compiled-in X.509 certificates
[    5.355373] Loaded X.509 cert 'Build time autogenerated kernel key: 9a104bc44b81e9426fe5c715e47d021d02d69eba'
[    5.355401] zswap: loaded using pool lzo/zbud
[    5.357626] Key type trusted registered
[    5.360596] Key type encrypted registered
[    5.360600] AppArmor: AppArmor sha1 policy hashing enabled
[    5.360603] ima: No TPM chip found, activating TPM-bypass!
[    5.360611] ima: Allocated hash algorithm: sha1
[    5.360624] evm: HMAC attrs: 0x1
[    5.360909]   Magic number: 10:135:399
[    5.386218] rtc_cmos rtc_cmos: setting system clock to 2018-11-14 21:22:15 UTC (1542230535)
[    5.386524] BIOS EDD facility v0.16 2004-Jun-25, 0 devices found
[    5.386524] EDD information not available.
[    5.395941] input: AT Translated Set 2 keyboard as /devices/platform/i8042/serio0/input/input2
[    5.506522] Freeing unused kernel memory: 1528K
[    5.507661] Write protecting the kernel read-only data: 14336k
[    5.509406] Freeing unused kernel memory: 1664K
[    5.510663] Freeing unused kernel memory: 92K
Loading, please wait...
starting version[    5.527316] random: udevadm: uninitialized urandom read (16 bytes read, 2 bits of entropy available)
 229
[    5.674877] random: systemd-udevd: uninitialized urandom read (16 bytes read, 2 bits of entropy available)
[    5.746829] random: udevadm: uninitialized urandom read (16 bytes read, 2 bits of entropy available)
[    5.746923] random: systemd-udevd: uninitialized urandom read (16 bytes read, 2 bits of entropy available)
[    5.746939] random: systemd-udevd: uninitialized urandom read (16 bytes read, 2 bits of entropy available)
[    5.746965] random: systemd-udevd: uninitialized urandom read (16 bytes read, 2 bits of entropy available)
[    6.064062] random: systemd-udevd: uninitialized urandom read (16 bytes read, 2 bits of entropy available)
[    6.133251] random: systemd-udevd: uninitialized urandom read (16 bytes read, 2 bits of entropy available)
[    6.134698] random: udevadm: uninitialized urandom read (16 bytes read, 2 bits of entropy available)
[    6.134752] random: udevadm: uninitialized urandom read (16 bytes read, 2 bits of entropy available)
[    6.231716] e1000: Intel(R) PRO/1000 Network Driver - version 7.3.21-k8-NAPI
[    6.253429] e1000: Copyright (c) 1999-2006 Intel Corporation.
[    6.266441] Fusion MPT base driver 3.04.20
[    6.309498] Copyright (c) 1999-2008 LSI Corporation
[    6.333807] Fusion MPT SPI Host driver 3.04.20
[    6.369817] AVX version of gcm_enc/dec engaged.
[    6.379574] AES CTR mode by8 optimization enabled
[    6.611305] input: ImExPS/2 Generic Explorer Mouse as /devices/platform/i8042/serio1/input/input4
[    6.722317] e1000 0000:00:03.0 eth0: (PCI:33MHz:32-bit) 02:46:93:03:7f:ca
[    7.364362] e1000 0000:00:03.0 eth0: Intel(R) PRO/1000 Network Connection
[    7.416352] e1000 0000:00:03.0 enp0s3: renamed from eth0
[    7.472507] mptbase: ioc0: Initiating bringup
[    7.593464] ioc0: LSI53C1030 A0: Capabilities={Initiator}
[    7.771082] scsi host2: ioc0: LSI53C1030 A0, FwRev=00000000h, Ports=1, MaxQ=256, IRQ=20
[    7.885465] scsi 2:0:0:0: Direct-Access     VBOX     HARDDISK         1.0  PQ: 0 ANSI: 5
[    7.994955] scsi target2:0:0: Beginning Domain Validation
[    8.074076] scsi target2:0:0: Domain Validation skipping write tests
[    8.075449] scsi target2:0:0: Ending Domain Validation
[    8.076679] scsi target2:0:0: asynchronous
[    8.078366] scsi 2:0:1:0: Direct-Access     VBOX     HARDDISK         1.0  PQ: 0 ANSI: 5
[    8.090552] scsi target2:0:1: Beginning Domain Validation
[    8.100718] scsi target2:0:1: Domain Validation skipping write tests
[    8.102067] scsi target2:0:1: Ending Domain Validation
[    8.103247] scsi target2:0:1: asynchronous
[    8.110146] sd 2:0:0:0: Attached scsi generic sg0 type 0
[    8.111358] sd 2:0:0:0: [sda] 20971520 512-byte logical blocks: (10.7 GB/10.0 GiB)
[    8.113387] sd 2:0:0:0: [sda] Write Protect is off
[    8.114626] sd 2:0:1:0: Attached scsi generic sg1 type 0
[    8.115801] sd 2:0:1:0: [sdb] 20480 512-byte logical blocks: (10.5 MB/10.0 MiB)
[    8.115823] sd 2:0:0:0: [sda] Incomplete mode parameter data
[    8.115825] sd 2:0:0:0: [sda] Assuming drive cache: write through
[    8.164151] sd 2:0:1:0: [sdb] Write Protect is off
[    8.164979]  sda: sda1
[    8.167802] sd 2:0:1:0: [sdb] Incomplete mode parameter data
[    8.168475] sd 2:0:0:0: [sda] Attached SCSI disk
[    8.263241] sd 2:0:1:0: [sdb] Assuming drive cache: write through
[    8.293706] sd 2:0:1:0: [sdb] Attached SCSI disk
Begin: Loading essential drivers ... [    9.665184] md: linear personality registered for level -1
[    9.750783] md: multipath personality registered for level -4
[    9.779526] md: raid0 personality registered for level 0
[    9.792145] md: raid1 personality registered for level 1
[    9.864919] raid6: sse2x1   gen()  6024 MB/s
[    9.932535] raid6: sse2x1   xor()  5671 MB/s
[   10.016730] raid6: sse2x2   gen()  9466 MB/s
[   10.092891] raid6: sse2x2   xor()  6753 MB/s
[   10.204666] raid6: sse2x4   gen() 11103 MB/s
[   10.312552] raid6: sse2x4   xor()  8306 MB/s
[   10.341544] raid6: using algorithm sse2x4 gen() 11103 MB/s
[   10.342800] raid6: .... xor() 8306 MB/s, rmw enabled
[   10.360675] raid6: using ssse3x2 recovery algorithm
[   10.363404] xor: automatically using best checksumming function:
[   10.420918]    avx       : 18064.000 MB/sec
[   10.502986] async_tx: api initialized (async)
[   10.582096] md: raid6 personality registered for level 6
[   10.611307] md: raid5 personality registered for level 5
[   10.612500] md: raid4 personality registered for level 4
[   10.667865] md: raid10 personality registered for level 10
done.
Begin: Running /scripts/init-premount ... done.
Begin: Mounting root file system ... Begin: Run[   10.708372] Btrfs loaded
ning /scripts/local-top ... done.
Begin: Running /scripts/local-premount ... Scanning for Btrfs filesystems
done.
Warning: fsck not present, so skipping root file system
[   10.752415] EXT4-fs (sda1): INFO: recovery required on readonly filesystem
[   10.769731] EXT4-fs (sda1): write access will be enabled during recovery
[   11.015461] EXT4-fs (sda1): orphan cleanup on readonly fs
[   11.062754] EXT4-fs (sda1): 4 orphan inodes deleted
[   12.019839] EXT4-fs (sda1): recovery complete
[   12.023169] EXT4-fs (sda1): mounted filesystem with ordered data mode. Opts: (null)
done.
Begin: Running /scripts/local-bottom ... done.
Begin: Running /scripts/init-bottom ... done.
[   12.234198] systemd[1]: systemd 229 running in system mode. (+PAM +AUDIT +SELINUX +IMA +APPARMOR +SMACK +SYSVINIT +UTMP +LIBCRYPTSETUP +GCRYPT +GNUTLS +ACL +XZ -LZ4 +SECCOMP +BLKID +ELFUTILS +KMOD -IDN)
[   12.238128] systemd[1]: Detected virtualization oracle.
[   12.239292] systemd[1]: Detected architecture x86-64.

Welcome to [1mUbuntu 16.04.5 LTS[0m!

[   12.253760] systemd[1]: Set hostname to <ubuntu-xenial>.
[   12.474187] systemd[1]: Created slice System Slice.
[[0;32m  OK  [0m] Created slice System Slice.
[   12.493215] systemd[1]: Created slice User and Session Slice.
[[0;32m  OK  [0m] Created slice User and Session Slice.
[   12.495824] systemd[1]: Listening on /dev/initctl Compatibility Named Pipe.
[[0;32m  OK  [0m] Listening on /dev/initctl Compatibility Named Pipe.
[   12.555106] systemd[1]: Reached target Encrypted Volumes.
[[0;32m  OK  [0m] Reached target Encrypted Volumes.
[   12.560968] systemd[1]: Reached target User and Group Name Lookups.
[[0;32m  OK  [0m] Reached target User and Group Name Lookups.
[   12.590812] systemd[1]: Listening on Journal Audit Socket.
[[0;32m  OK  [0m] Listening on Journal Audit Socket.
[   12.611233] systemd[1]: Started Forward Password Requests to Wall Directory Watch.
[[0;32m  OK  [0m] Started Forward Password Requests to Wall Directory Watch.
[   12.614608] systemd[1]: Listening on udev Control Socket.
[[0;32m  OK  [0m] Listening on udev Control Socket.
[   12.617050] systemd[1]: Listening on Syslog Socket.
[[0;32m  OK  [0m] Listening on Syslog Socket.
[   12.619344] systemd[1]: Reached target Slices.
[[0;32m  OK  [0m] Reached target Slices.
[   12.621467] systemd[1]: Started Trigger resolvconf update for networkd DNS.
[[0;32m  OK  [0m] Started Trigger resolvconf update for networkd DNS.
[   12.642890] systemd[1]: Listening on LVM2 poll daemon socket.
[[0;32m  OK  [0m] Listening on LVM2 poll daemon socket.
[   12.681433] systemd[1]: Listening on udev Kernel Socket.
[[0;32m  OK  [0m] Listening on udev Kernel Socket.
[   12.683986] systemd[1]: Reached target System Time Synchronized.
[[0;32m  OK  [0m] Reached target System Time Synchronized.
[   12.696100] systemd[1]: Reached target Swap.
[[0;32m  OK  [0m] Reached target Swap.
[   12.698289] systemd[1]: Listening on Device-mapper event daemon FIFOs.
[[0;32m  OK  [0m] Listening on Device-mapper event daemon FIFOs.
[   12.701227] systemd[1]: Set up automount Arbitrary Executable File Formats File System Automount Point.
[[0;32m  OK  [0m] Set up automount Arbitrary Executab...ats File System Automount Point.
[   12.705485] systemd[1]: Created slice system-serial\x2dgetty.slice.
[[0;32m  OK  [0m] Created slice system-serial\x2dgetty.slice.
[   12.711933] systemd[1]: Listening on Journal Socket.
[[0;32m  OK  [0m] Listening on Journal Socket.
[   12.722117] random: nonblocking pool is initialized
[   12.740944] systemd[1]: Starting Load Kernel Modules...
         Startin[   12.754202] Loading iSCSI transport class v2.0-870.
g Load Kernel Modules...
[   12.758025] systemd[1]: Starting Uncomplicated firewall...
         Starting Uncomplicated firewall...
[   12.762610] systemd[1]: Starting Create list of required static device nodes for the current kernel...
         Starting Create [   12.794747] iscsi: registered transport (tcp)
list of required st... nodes for the current kernel...
[   12.851359] iscsi: registered transport (iser)
[   12.897161] systemd[1]: Starting Nameserver information manager...
         Starting Nameserver information manager...
[   12.948353] systemd[1]: Mounting Debug File System...
         Mounting Debug File System...
[   12.969747] systemd[1]: Mounting POSIX Message Queue File System...
         Mounting POSIX Message Queue File System...
[   12.973128] systemd[1]: Mounting Huge Pages File System...
         Mounting Huge Pages File System...
[   12.976953] systemd[1]: Starting Set console keymap...
         Starting Set console keymap...
[   12.993224] systemd[1]: Listening on Journal Socket (/dev/log).
[[0;32m  OK  [0m] Listening on Journal Socket (/dev/log).
[   13.053758] systemd[1]: Starting Journal Service...
         Starting Journal Service...
[   13.076969] systemd[1]: Listening on LVM2 metadata daemon socket.
[[0;32m  OK  [0m] Listening on LVM2 metadata daemon socket.
[   13.105725] systemd[1]: Starting Monitoring of LVM2 mirrors, snapshots etc. using dmeventd or progress polling...
         Starting Monitoring of LVM2 mirrors... dmeventd or progress polling...
[   13.116410] systemd[1]: Starting Remount Root and Kernel File Systems...
[   13.146264] EXT4-fs (sda1): re-mounted. Opts: (null)
         Starting Remount Root and Kernel File Systems...
[   13.165137] systemd[1]: Mounted Debug File System.
[[0;32m  OK  [0m] Mounted Debug File System.
[   13.168040] systemd[1]: Mounted Huge Pages File System.
[[0;32m  OK  [0m] Mounted Huge Pages File System.
[   13.170738] systemd[1]: Mounted POSIX Message Queue File System.
[[0;32m  OK  [0m] Mounted POSIX Message Queue File System.
[   13.195332] systemd[1]: Started Journal Service.
[[0;32m  OK  [0m] Started Journal Service.
[[0;32m  OK  [0m] Started Load Kernel Modules.
[[0;32m  OK  [0m] Started Uncomplicated firewall.
[[0;32m  OK  [0m] Started Create list of required sta...ce nodes for the current kernel.
[[0;32m  OK  [0m] Started Set console keymap.
[[0;32m  OK  [0m] Started Remount Root and Kernel File Systems.
[[0;32m  OK  [0m] Started Nameserver information manager.
[[0;32m  OK  [0m] Started LVM2 metadata daemon.
         Starting Load/Save Random Seed...
         Starting udev Coldplug all Devices...
         Starting Create Static Device Nodes in /dev...
         Mounting FUSE Control File System...
         Starting Apply Kernel Variables...
         Starting Flush Journal to Persistent Storage...
[[0;32m  OK  [0m] Mounted FUSE Control File System.
[[0;32m  OK  [0m] Started Monitoring of LVM2 mirrors,...ng dmeventd or progress polling.
[[0;32m  OK  [0m] Started Load/Save Random Seed.
[[0;32m  OK  [0m] Started Create Static Device Nodes in /dev.
[[0;32m  OK  [0m] Started Apply Kernel Variables.
[[0;32m  OK  [0m] Started udev Coldplug all Devices.
[[0;32m  OK  [0m] Started Flush Journal to Persistent Storage.
         Starting udev Kernel Device Manager...
[[0;32m  OK  [0m] Reached target Local File Systems (Pre).
[[0;32m  OK  [0m] Reached target Local File Systems.
         Starting Tell Plymouth To Write Out Runtime Data...
         Starting Initial cloud-init job (pre-networking)...
         Starting Create Volatile Files and Directories...
         Starting LSB: AppArmor initialization...
         Starting Set console font and keymap...
[[0;32m  OK  [0m] Started udev Kernel Device Manager.
[[0;32m  OK  [0m] Started Tell Plymouth To Write Out Runtime Data.
[[0;32m  OK  [0m] Started Create Volatile Files and Directories.
[[0;32m  OK  [0m] Found device /dev/ttyS0.
         Starting Update UTMP about System Boot/Shutdown...
[[0;32m  OK  [0m] Started Dispatch Password Requests to Console Directory Watch.
[[0;32m  OK  [0m] Started Update UTMP about System Boot/Shutdown.
[[0;32m  OK  [0m] Listening on Load/Save RF Kill Switch Status /dev/rfkill Watch.
[[0;32m  OK  [0m] Started LSB: AppArmor initialization.
[[0;32m  OK  [0m] Found device 82540EM Gigabit Ethern...r (PRO/1000 MT Desktop Adapter).
[[0;32m  OK  [0m] Started Set console font and keymap.
[[0;32m  OK  [0m] Created slice system-getty.slice.
[   13.128318] cloud-init[485]: Cloud-init v. 18.4-0ubuntu1~16.04.2 running 'init-local' at Wed, 14 Nov 2018 21:22:25 +0000. Up 12.80 seconds.
[[0;32m  OK  [0m] Started Initial cloud-init job (pre-networking).
[[0;32m  OK  [0m] Reached target Network (Pre).
         Starting Raise network interfaces...
[[0;32m  OK  [0m] Started ifup for enp0s3.
[[0;32m  OK  [0m] Started Raise network interfaces.
[[0;32m  OK  [0m] Reached target Network.
         Starting Initial cloud-init job (metadata service crawler)...
[   14.302441] cloud-init[961]: Cloud-init v. 18.4-0ubuntu1~16.04.2 running 'init' at Wed, 14 Nov 2018 21:22:26 +0000. Up 13.97 seconds.
[   14.336777] cloud-init[961]: ci-info: ++++++++++++++++++++++++++++++++++++++Net device info++++++++++++++++++++++++++++++++++++++
[   14.339131] cloud-init[961]: ci-info: +--------+------+----------------------------+---------------+--------+-------------------+
[   14.404418] cloud-init[961]: ci-info: | Device |  Up  |          Address           |      Mask     | Scope  |     Hw-Address    |
[   14.404711] cloud-init[961]: ci-info: +--------+------+----------------------------+---------------+--------+-------------------+
[[0;32m  OK  [0m] Started Initial cloud-init job (metadata service crawler).
[   14.404954] cloud-init[961]: ci-info: | enp0s3 | True |         10.0.2.15          | 255.255.255.0 | global | 02:46:93:03:7f:ca |
[   14.728403] cloud-init[961]: ci-info: | enp0s3 | True | fe80::46:93ff:fe03:7fca/64 |       .       |  link  | 02:46:93:03:7f:ca |
[[0;32m  OK  [0m] Reached target Network is Online.
[   14.728730] cloud-init[961]: ci-info: |   lo   | True |         127.0.0.1          |   255.0.0.0   |  host  |         .         |
[   14.839297] cloud-init[961]: ci-info: |   lo   | True |          ::1/128           |       .       |  host  |         .         |
[   14.839655] cloud-init[961]: ci-info: +--------+------+----------------------------+---------------+--------+-------------------+
         Starting iSCSI initiator daemon (iscsid)...
[   14.839862] cloud-init[961]: ci-info: +++++++++++++++++++++++++++Route IPv4 info++++++++++++++++++++++++++++
[   14.909460] cloud-init[961]: ci-info: +-------+-------------+----------+---------------+-----------+-------+
[   14.909608] cloud-init[961]: ci-info: | Route | Destination | Gateway  |    Genmask    | Interface | Flags |
[   14.909790] cloud-init[961]: ci-info: +-------+-------------+----------+---------------+-----------+-------+
[   14.910163] cloud-init[961]: ci-info: |   0   |   0.0.0.0   | 10.0.2.2 |    0.0.0.0    |   enp0s3  |   UG  |
[   14.910334] cloud-init[961]: ci-info: |   1   |   10.0.2.0  | 0.0.0.0  | 255.255.255.0 |   enp0s3  |   U   |
[   14.910515] cloud-init[961]: ci-info: +-------+-------------+----------+---------------+-----------+-------+
[   14.910725] cloud-init[961]: ci-info: +++++++++++++++++++Route IPv6 info+++++++++++++++++++
[   14.910931] cloud-init[961]: ci-info: +-------+-------------+---------+-----------+-------+
[   14.911134] cloud-init[961]: ci-info: | Route | Destination | Gateway | Interface | Flags |
[   14.911356] cloud-init[961]: ci-info: +-------+-------------+---------+-----------+-------+
[   14.911566] cloud-init[961]: ci-info: |   0   |  fe80::/64  |    ::   |   enp0s3  |   U   |
[   14.911757] cloud-init[961]: ci-info: |   3   |   ff00::/8  |    ::   |   enp0s3  |   U   |
[   14.911951] cloud-init[961]: ci-info: +-------+-------------+---------+-----------+-------+
[[0;32m  OK  [0m] Reached target Cloud-config availability.
[[0;32m  OK  [0m] Reached target System Initialization.
         Starting Socket activation for snappy daemon.
         Starting LXD - unix socket.
[[0;32m  OK  [0m] Listening on UUID daemon activation socket.
[[0;32m  OK  [0m] Started Daily Cleanup of Temporary Directories.
[[0;32m  OK  [0m] Listening on ACPID Listen Socket.
[[0;32m  OK  [0m] Listening on D-Bus System Message Bus Socket.
[[0;32m  OK  [0m] Started Daily apt download activities.
[[0;32m  OK  [0m] Started Daily apt upgrade and clean activities.
[[0;32m  OK  [0m] Reached target Timers.
[[0;32m  OK  [0m] Started ACPI Events Check.
[[0;32m  OK  [0m] Reached target Paths.
[[0;32m  OK  [0m] Listening on Socket activation for snappy daemon.
[[0;32m  OK  [0m] Listening on LXD - unix socket.
[[0;32m  OK  [0m] Started iSCSI initiator daemon (iscsid).
         Starting Login to default iSCSI targets...
[[0;32m  OK  [0m] Reached target Sockets.
[[0;32m  OK  [0m] Reached target Basic System.
         Starting LXD - container startup/shutdown...
         Starting LSB: MD monitoring daemon...
[[0;32m  OK  [0m] Started Regular background program processing daemon.
[[0;32m  OK  [0m] Started D-Bus System Message Bus.
         Starting System Logging Service...
         Starting LSB: Record successful boot for GRUB...
[[0;32m  OK  [0m] Started Unattended Upgrades Shutdown.
         Starting /etc/rc.local Compatibility...
[[0;32m  OK  [0m] Started ACPI event daemon.
         Starting Login Service...
[[0;32m  OK  [0m] Started FUSE filesystem for LXC.
[[0;32m  OK  [0m] Started Deferred execution scheduler.
         Starting Virtualbox guest utils...
         Starting Accounts Service...
         Starting OpenBSD Secure Shell server...
         Starting Snappy daemon...
[[0;32m  OK  [0m] Started System Logging Service.
[[0;32m  OK  [0m] Started LXD - container startup/shutdown.
[[0;32m  OK  [0m] Started /etc/rc.local Compatibility.
[[0;32m  OK  [0m] Started Login Service.
[[0;32m  OK  [0m] Started LSB: MD monitoring daemon.
[[0;32m  OK  [0m] Started LSB: Record successful boot for GRUB.
[[0;32m  OK  [0m] Started Login to default iSCSI targets.
[[0;32m  OK  [0m] Reached target Remote File Systems (Pre).
[[0;32m  OK  [0m] Reached target Remote File Systems.
         Starting LSB: Set the CPU Frequency Scaling governor to "ondemand"...
         Starting LSB: automatic crash report generation...
         Starting Permit User Sessions...
         Starting LSB: daemon to balance interrupts for SMP systems...
         Starting Authenticate and Authorize Users to Run Privileged Tasks...
[[0;32m  OK  [0m] Started Virtualbox guest utils.
[[0;32m  OK  [0m] Started Permit User Sessions.
[[0;32m  OK  [0m] Started OpenBSD Secure Shell server.
[[0;32m  OK  [0m] Started Authenticate and Authorize Users to Run Privileged Tasks.
[[0;32m  OK  [0m] Started Accounts Service.
[[0;32m  OK  [0m] Started LSB: Set the CPU Frequency Scaling governor to "ondemand".
[[0;32m  OK  [0m] Started LSB: automatic crash report generation.
         Starting Terminate Plymouth Boot Screen...
         Starting Hold until boot process finishes up...
[[0;32m  OK  [0m] Started LSB: daemon to balance interrupts for SMP systems.
[[0;32m  OK  [0m] Started Terminate Plymouth Boot Screen.
[[0;32m  OK  [0m] Started Hold until boot process finishes up.
[[0;32m  OK  [0m] Started Snappy daemon.
         Starting Wait until snapd is fully seeded...
[[0;32m  OK  [0m] Started Getty on tty1.
         Starting Set console scheme...
[[0;32m  OK  [0m] Started Serial Getty on ttyS0.
[[0;32m  OK  [0m] Reached target Login Prompts.
[[0;32m  OK  [0m] Started Wait until snapd is fully seeded.
[[0;32m  OK  [0m] Started Set console scheme.
         Starting Apply the settings specified in cloud-config...
[[0;32m  OK  [0m] Reached target Multi-User System.
[[0;32m  OK  [0m] Reached target Graphical Interface.
         Starting Update UTMP about System Runlevel Changes...
[[0;32m  OK  [0m] Started Update UTMP about System Runlevel Changes.
[   17.565044] cloud-init[1193]: Cloud-init v. 18.4-0ubuntu1~16.04.2 running 'modules:config' at Wed, 14 Nov 2018 21:22:30 +0000. Up 17.43 seconds.
[[0;32m  OK  [0m] Started Apply the settings specified in cloud-config.
         Starting Execute cloud user/final scripts...
[[0;32m  OK  [0m] Created slice User Slice of vagrant.
[   18.157836] cloud-init[1208]: Cloud-init v. 18.4-0ubuntu1~16.04.2 running 'modules:final' at Wed, 14 Nov 2018 21:22:30 +0000. Up 17.96 seconds.
         [   18.160439] cloud-init[1208]: Cloud-init v. 18.4-0ubuntu1~16.04.2 finished at Wed, 14 Nov 2018 21:22:31 +0000. Datasource DataSourceNoCloud [seed=/dev/sdb][dsmode=net].  Up 18.14 seconds
Starting User Manager for UID 1000...
[[0;32m  OK  [0m] Started Session 1 of user vagrant.
[[0;32m  OK  [0m] Started User Manager for UID 1000.
[[0;32m  OK  [0m] Started Execute cloud user/final scripts.
[[0;32m  OK  [0m] Reached target Cloud-init target.
         Starting Daily apt download activities...

Ubuntu 16.04.5 LTS ubuntu-xenial ttyS0

ubuntu-xenial login: 